<?xml version="1.0" encoding="UTF-8"?>
<!-- Generated by org.testng.reporters.JUnitXMLReporter -->
<testsuite ignored="0" hostname="DESKTOP-6FQQ1FF" failures="0" tests="3" name="Default test" time="13.19" errors="0" timestamp="2023-10-07T13:29:49 EDT">
  <testcase classname="com.facebook.loginTests.LoginFunctionalTest" name="userNameTest" time="0.162"/>
  <testcase classname="com.facebook.loginTests.LoginFunctionalTest" name="passwordTest" time="0.23"/>
  <testcase classname="com.facebook.loginTests.LoginFunctionalTest" name="loginTest" time="0.111"/>
</testsuite> <!-- Default test -->
